<?xml version="1.0" encoding="UTF-8"?>
<!-- Generated by org.testng.reporters.JUnitXMLReporter -->
<testsuite hostname="Gyaneshs-MBP" ignored="0" name="Command line test" tests="12" failures="2" timestamp="11 Jan 2022 16:16:03 GMT" time="20.995" errors="0">
  <testcase name="test1" time="0.015" classname="testNgTutorial.IgnoreTest"/>
  <testcase name="test2" time="0.0" classname="testNgTutorial.IgnoreTest"/>
  <testcase name="paramerizedTest" time="0.0" classname="testNgTutorial.ParameterizedTest">
    <failure type="org.testng.TestNGException" message="
Parameter &amp;apos;browser&amp;apos; is required by @Test on method paramerizedTest but has not been marked @Optional or defined
">
      <![CDATA[org.testng.TestNGException: 
Parameter 'browser' is required by @Test on method paramerizedTest but has not been marked @Optional or defined

... Removed 34 stack frames]]>
    </failure>
  </testcase> <!-- paramerizedTest -->
  <testcase name="testCase2" time="0.0" classname="testNgTutorial.DependsOnMethodsTestCase"/>
  <testcase name="testCase1" time="0.0" classname="testNgTutorial.DependsOnMethodsTestCase"/>
  <testcase name="composeMail" time="0.0" classname="testNgTutorial.TestCase2"/>
  <testcase name="getChrome" time="9.146" classname="testNgTutorial.ParallelTest"/>
  <testcase name="getSafari" time="4.471" classname="testNgTutorial.ParallelTest"/>
  <testcase name="loginTest" time="0.008" classname="testNgTutorial.TestCase1"/>
  <testcase name="testToPass" time="7.268" classname="testNgTutorial.ListenerTestngTest"/>
  <testcase name="testToSkip" time="0.001" classname="testNgTutorial.ListenerTestngTest">
    <skipped/>
  </testcase> <!-- testToSkip -->
  <testcase name="testToFail" time="0.021" classname="testNgTutorial.ListenerTestngTest">
    <failure type="org.openqa.selenium.NoSuchSessionException" message="Session ID is null. Using WebDriver after calling quit()?
Build info: version: &amp;apos;3.141.59&amp;apos;, revision: &amp;apos;e82be7d358&amp;apos;, time: &amp;apos;2018-11-14T08:17:03&amp;apos;
System info: host: &amp;apos;Gyaneshs-MBP&amp;apos;, ip: &amp;apos;2409:4064:4db0:5ae3:e8e7:1ef5:6dfa:1cb4&amp;apos;, os.name: &amp;apos;Mac OS X&amp;apos;, os.arch: &amp;apos;x86_64&amp;apos;, os.version: &amp;apos;10.16&amp;apos;, java.version: &amp;apos;1.8.0_141&amp;apos;
Driver info: driver.version: RemoteWebDriver">
      <![CDATA[org.openqa.selenium.NoSuchSessionException: Session ID is null. Using WebDriver after calling quit()?
Build info: version: '3.141.59', revision: 'e82be7d358', time: '2018-11-14T08:17:03'
System info: host: 'Gyaneshs-MBP', ip: '2409:4064:4db0:5ae3:e8e7:1ef5:6dfa:1cb4', os.name: 'Mac OS X', os.arch: 'x86_64', os.version: '10.16', java.version: '1.8.0_141'
Driver info: driver.version: RemoteWebDriver
at org.openqa.selenium.remote.HttpCommandExecutor.execute(HttpCommandExecutor.java:125)
at org.openqa.selenium.remote.service.DriverCommandExecutor.execute(DriverCommandExecutor.java:83)
at org.openqa.selenium.remote.RemoteWebDriver.execute(RemoteWebDriver.java:552)
at org.openqa.selenium.remote.RemoteWebDriver.execute(RemoteWebDriver.java:609)
at org.openqa.selenium.remote.RemoteWebDriver.getTitle(RemoteWebDriver.java:281)
at testNgTutorial.ListenerTestngTest.testToFail(ListenerTestngTest.java:32)
... Removed 35 stack frames]]>
    </failure>
  </testcase> <!-- testToFail -->
</testsuite> <!-- Command line test -->
